<?xml version="1.0" encoding="utf-8"?><testsuites name="pytest tests"><testsuite name="pytest" errors="0" failures="0" skipped="0" tests="17" time="6.008" timestamp="2026-06-22T07:54:28.327472+00:00" hostname="agent-env-bfb445da-cf1c-42d2-b89f-3c24f3db7d58"><testcase classname="backend.tests.test_novaris_api.TestAuth" name="test_all_users_login" time="2.188" /><testcase classname="backend.tests.test_novaris_api.TestAuth" name="test_login_invalid" time="0.310" /><testcase classname="backend.tests.test_novaris_api.TestAuth" name="test_me" time="0.110" /><testcase classname="backend.tests.test_novaris_api.TestAuth" name="test_me_unauth" time="0.338" /><testcase classname="backend.tests.test_novaris_api.TestSeedData" name="test_users_seeded" time="0.080" /><testcase classname="backend.tests.test_novaris_api.TestSeedData" name="test_categories_seeded" time="0.096" /><testcase classname="backend.tests.test_novaris_api.TestSeedData" name="test_appetites_seeded" time="0.092" /><testcase classname="backend.tests.test_novaris_api.TestSeedData" name="test_matrix" time="0.159" /><testcase classname="backend.tests.test_novaris_api.TestSeedData" name="test_risks_seeded" time="0.111" /><testcase classname="backend.tests.test_novaris_api.TestDashboard" name="test_dashboard" time="0.074" /><testcase classname="backend.tests.test_novaris_api.TestRBAC" name="test_owner_sees_only_own_risks" time="0.119" /><testcase classname="backend.tests.test_novaris_api.TestRBAC" name="test_viewer_cannot_create_risk" time="0.148" /><testcase classname="backend.tests.test_novaris_api.TestRBAC" name="test_non_admin_cannot_create_category" time="0.097" /><testcase classname="backend.tests.test_novaris_api.TestRiskWorkflow" name="test_create_submit_approve_flow" time="1.297" /><testcase classname="backend.tests.test_novaris_api.TestRiskWorkflow" name="test_return_risk" time="0.537" /><testcase classname="backend.tests.test_novaris_api.TestAuditAndReport" name="test_audit_records" time="0.075" /><testcase classname="backend.tests.test_novaris_api.TestAuditAndReport" name="test_csv_export" time="0.078" /></testsuite></testsuites>